Using pre-set license
Built from '2020.2/staging' branch; Version is '2020.2.3f1 (8ff31bc5bf5b) revision 9433883'; Using compiler version '192528614'; Build Type 'Release'
OS: 'Windows 10 Enterprise; OS build 19042.804; Version 2009; 64bit' Language: 'ru' Physical Memory: 16276 MB
BatchMode: 1, IsHumanControllingUs: 0, StartBugReporterOnCrash: 0, Is64bit: 1, IsPro: 0

 COMMAND LINE ARGUMENTS:
C:\Program Files\Unity\Hub\Editor\2020.2.3f1\Editor\Unity.exe
-adb2
-batchMode
-noUpm
-name
AssetImportWorker2
-projectPath
D:/Project Snake/SnakeGame
-logFile
Logs/AssetImportWorker2.log
-srvPort
32726
Successfully changed project path to: D:/Project Snake/SnakeGame
D:/Project Snake/SnakeGame
Using Asset Import Pipeline V2.
Refreshing native plugins compatible for Editor in 48.69 ms, found 1 plugins.
Preloading 0 native plugins for Editor in 0.00 ms.
Initialize engine version: 2020.2.3f1 (8ff31bc5bf5b)
[Subsystems] Discovering subsystems at path C:/Program Files/Unity/Hub/Editor/2020.2.3f1/Editor/Data/Resources/UnitySubsystems
[Subsystems] Discovering subsystems at path D:/Project Snake/SnakeGame/Assets
GfxDevice: creating device client; threaded=0
Direct3D:
    Version:  Direct3D 11.0 [level 11.1]
    Renderer: NVIDIA GeForce GTX 1050 (ID=0x1c8d)
    Vendor:   
    VRAM:     4021 MB
    Driver:   27.21.14.6140
Initialize mono
Mono path[0] = 'C:/Program Files/Unity/Hub/Editor/2020.2.3f1/Editor/Data/Managed'
Mono path[1] = 'C:/Program Files/Unity/Hub/Editor/2020.2.3f1/Editor/Data/MonoBleedingEdge/lib/mono/unityjit'
Mono config path = 'C:/Program Files/Unity/Hub/Editor/2020.2.3f1/Editor/Data/MonoBleedingEdge/etc'
Using monoOptions --debugger-agent=transport=dt_socket,embedding=1,server=y,suspend=n,address=127.0.0.1:56280
Begin MonoManager ReloadAssembly
Registering precompiled unity dll's ...
Register platform support module: C:/Program Files/Unity/Hub/Editor/2020.2.3f1/Editor/Data/PlaybackEngines/WebGLSupport/UnityEditor.WebGL.Extensions.dll
Register platform support module: C:/Program Files/Unity/Hub/Editor/2020.2.3f1/Editor/Data/PlaybackEngines/WindowsStandaloneSupport/UnityEditor.WindowsStandalone.Extensions.dll
Register platform support module: C:/Program Files/Unity/Hub/Editor/2020.2.3f1/Editor/Data/PlaybackEngines/LinuxStandaloneSupport/UnityEditor.LinuxStandalone.Extensions.dll
Registered in 0.003351 seconds.
Native extension for LinuxStandalone target not found
Native extension for WindowsStandalone target not found
Native extension for WebGL target not found
Refreshing native plugins compatible for Editor in 55.73 ms, found 1 plugins.
Preloading 0 native plugins for Editor in 0.00 ms.
Invoked RoslynAnalysisRunner static constructor.
RoslynAnalysisRunner will not be running.
RoslynAnalysisRunner has terminated.
Mono: successfully reloaded assembly
- Completed reload, in  3.726 seconds
Platform modules already initialized, skipping
Registering precompiled user dll's ...
Registered in 0.003560 seconds.
Begin MonoManager ReloadAssembly
Native extension for LinuxStandalone target not found
Native extension for WindowsStandalone target not found
Native extension for WebGL target not found
Refreshing native plugins compatible for Editor in 0.45 ms, found 1 plugins.
Preloading 0 native plugins for Editor in 0.00 ms.
Invoked RoslynAnalysisRunner static constructor.
RoslynAnalysisRunner will not be running.
RoslynAnalysisRunner has terminated.
Mono: successfully reloaded assembly
- Completed reload, in  1.961 seconds
Platform modules already initialized, skipping
========================================================================
Worker process is ready to serve import requests
Launched and connected shader compiler UnityShaderCompiler.exe after 0.11 seconds
Refreshing native plugins compatible for Editor in 0.96 ms, found 1 plugins.
Preloading 0 native plugins for Editor in 0.00 ms.
Unloading 1426 Unused Serialized files (Serialized files now loaded: 0)
System memory in use before: 65.3 MB.
System memory in use after: 65.4 MB.

Unloading 39 unused Assets to reduce memory usage. Loaded Objects now: 1850.
Total: 2.445400 ms (FindLiveObjects: 0.187100 ms CreateObjectMapping: 0.353900 ms MarkObjects: 1.777800 ms  DeleteObjects: 0.125100 ms)

========================================================================
Received Import Request.
  path: Assets/Scripts/GameLogics/Logics/CustomisingLogic.cs
  artifactKey: Guid(552c75a309623f848bcf8ed26b6e08ec) Importer(815301076,1909f56bfc062723c751e8b465ee728b)
Start importing Assets/Scripts/GameLogics/Logics/CustomisingLogic.cs using Guid(552c75a309623f848bcf8ed26b6e08ec) Importer(815301076,1909f56bfc062723c751e8b465ee728b)  -> (artifact id: '23fcd7fc3a823b255522e00ebd7f9e2e') in 0.059499 seconds
  Import took 0.062228 seconds .

========================================================================
Received Import Request.
  Time since last request: 0.000647 seconds.
  path: Assets/Scripts/GameLogics/Logics
  artifactKey: Guid(9f6dcdd250cc80e40810433377ecaa1e) Importer(815301076,1909f56bfc062723c751e8b465ee728b)
Start importing Assets/Scripts/GameLogics/Logics using Guid(9f6dcdd250cc80e40810433377ecaa1e) Importer(815301076,1909f56bfc062723c751e8b465ee728b)  -> (artifact id: 'f466ec778696e213cc517d7ea9f32b68') in 0.014851 seconds
  Import took 0.017459 seconds .

========================================================================
Received Import Request.
  Time since last request: 0.000346 seconds.
  path: Assets/Scripts/GameLogics
  artifactKey: Guid(9121f21cca10cf24d8514437d0d56bc6) Importer(815301076,1909f56bfc062723c751e8b465ee728b)
Start importing Assets/Scripts/GameLogics using Guid(9121f21cca10cf24d8514437d0d56bc6) Importer(815301076,1909f56bfc062723c751e8b465ee728b)  -> (artifact id: '6ce4efbd3a11150fb8db7127fc7dbec2') in 0.024537 seconds
  Import took 0.027578 seconds .

========================================================================
Received Import Request.
  Time since last request: 125.522580 seconds.
  path: Assets/Scripts/GameLogics/Logics/CustomisingLogic.cs
  artifactKey: Guid(552c75a309623f848bcf8ed26b6e08ec) Importer(815301076,1909f56bfc062723c751e8b465ee728b)
Start importing Assets/Scripts/GameLogics/Logics/CustomisingLogic.cs using Guid(552c75a309623f848bcf8ed26b6e08ec) Importer(815301076,1909f56bfc062723c751e8b465ee728b)  -> (artifact id: '1d9fe8942e57ef6fd8a439c0046c1e39') in 0.011381 seconds
  Import took 0.014134 seconds .

========================================================================
Received Import Request.
  Time since last request: 1182.820326 seconds.
  path: Assets/Scripts/GameLogics/Logics/CustomisingLogic.cs
  artifactKey: Guid(552c75a309623f848bcf8ed26b6e08ec) Importer(815301076,1909f56bfc062723c751e8b465ee728b)
Start importing Assets/Scripts/GameLogics/Logics/CustomisingLogic.cs using Guid(552c75a309623f848bcf8ed26b6e08ec) Importer(815301076,1909f56bfc062723c751e8b465ee728b)  -> (artifact id: '2f73774ff06b527178b14b797684c081') in 0.019279 seconds
  Import took 0.024194 seconds .

========================================================================
Received Import Request.
  Time since last request: 84.812973 seconds.
  path: Assets/Scripts/GameLogics/Logics/CustomisingLogic.cs
  artifactKey: Guid(552c75a309623f848bcf8ed26b6e08ec) Importer(815301076,1909f56bfc062723c751e8b465ee728b)
Start importing Assets/Scripts/GameLogics/Logics/CustomisingLogic.cs using Guid(552c75a309623f848bcf8ed26b6e08ec) Importer(815301076,1909f56bfc062723c751e8b465ee728b)  -> (artifact id: 'da80671c114c3c9d6663bfa56edeb34d') in 0.008969 seconds
  Import took 0.011784 seconds .

========================================================================
Received Import Request.
  Time since last request: 11.772641 seconds.
  path: Assets/Scripts/GameLogics/Logics/CustomisingLogic.cs
  artifactKey: Guid(552c75a309623f848bcf8ed26b6e08ec) Importer(815301076,1909f56bfc062723c751e8b465ee728b)
Start importing Assets/Scripts/GameLogics/Logics/CustomisingLogic.cs using Guid(552c75a309623f848bcf8ed26b6e08ec) Importer(815301076,1909f56bfc062723c751e8b465ee728b)  -> (artifact id: '4f4ec24496ac2f45baefea490b44cd67') in 0.009137 seconds
  Import took 0.012558 seconds .

========================================================================
Received Import Request.
  Time since last request: 948.307731 seconds.
  path: Assets/Scripts/GameLogics/Logics/CustomisingLogic.cs
  artifactKey: Guid(552c75a309623f848bcf8ed26b6e08ec) Importer(815301076,1909f56bfc062723c751e8b465ee728b)
Start importing Assets/Scripts/GameLogics/Logics/CustomisingLogic.cs using Guid(552c75a309623f848bcf8ed26b6e08ec) Importer(815301076,1909f56bfc062723c751e8b465ee728b)  -> (artifact id: '6a47c276c7e745a303f316572126889c') in 0.010818 seconds
  Import took 0.014420 seconds .

========================================================================
Received Import Request.
  Time since last request: 0.001132 seconds.
  path: Assets/Scripts/GameLogics/Logics/CustomisingLogic.cs
  artifactKey: Guid(552c75a309623f848bcf8ed26b6e08ec) Importer(815301076,1909f56bfc062723c751e8b465ee728b)
Start importing Assets/Scripts/GameLogics/Logics/CustomisingLogic.cs using Guid(552c75a309623f848bcf8ed26b6e08ec) Importer(815301076,1909f56bfc062723c751e8b465ee728b)  -> (artifact id: '6a47c276c7e745a303f316572126889c') in 0.004656 seconds
  Import took 0.007195 seconds .

========================================================================
Received Import Request.
  Time since last request: 1117.916901 seconds.
  path: Assets/Scripts/GameLogics/Logics/CustomisingLogic.cs
  artifactKey: Guid(552c75a309623f848bcf8ed26b6e08ec) Importer(815301076,1909f56bfc062723c751e8b465ee728b)
Start importing Assets/Scripts/GameLogics/Logics/CustomisingLogic.cs using Guid(552c75a309623f848bcf8ed26b6e08ec) Importer(815301076,1909f56bfc062723c751e8b465ee728b)  -> (artifact id: '2576ecd686ef1fe73e6a516fedb54a30') in 0.009254 seconds
  Import took 0.012904 seconds .

========================================================================
Received Import Request.
  Time since last request: 0.001577 seconds.
  path: Assets/Scripts/GameLogics/Logics/CustomisingLogic.cs
  artifactKey: Guid(552c75a309623f848bcf8ed26b6e08ec) Importer(815301076,1909f56bfc062723c751e8b465ee728b)
Start importing Assets/Scripts/GameLogics/Logics/CustomisingLogic.cs using Guid(552c75a309623f848bcf8ed26b6e08ec) Importer(815301076,1909f56bfc062723c751e8b465ee728b)  -> (artifact id: '2576ecd686ef1fe73e6a516fedb54a30') in 0.006986 seconds
  Import took 0.010570 seconds .

========================================================================
Received Import Request.
  Time since last request: 171.719760 seconds.
  path: Assets/Scripts/GameLogics/Logics/CustomisingLogic.cs
  artifactKey: Guid(552c75a309623f848bcf8ed26b6e08ec) Importer(815301076,1909f56bfc062723c751e8b465ee728b)
Start importing Assets/Scripts/GameLogics/Logics/CustomisingLogic.cs using Guid(552c75a309623f848bcf8ed26b6e08ec) Importer(815301076,1909f56bfc062723c751e8b465ee728b)  -> (artifact id: '8bfdff565ed8e71deee9a126fa66cf62') in 0.007794 seconds
  Import took 0.010866 seconds .

========================================================================
Received Import Request.
  Time since last request: 0.001464 seconds.
  path: Assets/Scripts/GameLogics/Logics/CustomisingLogic.cs
  artifactKey: Guid(552c75a309623f848bcf8ed26b6e08ec) Importer(815301076,1909f56bfc062723c751e8b465ee728b)
Start importing Assets/Scripts/GameLogics/Logics/CustomisingLogic.cs using Guid(552c75a309623f848bcf8ed26b6e08ec) Importer(815301076,1909f56bfc062723c751e8b465ee728b)  -> (artifact id: '8bfdff565ed8e71deee9a126fa66cf62') in 0.005595 seconds
  Import took 0.008247 seconds .

========================================================================
Received Import Request.
  Time since last request: 46.823699 seconds.
  path: Assets/Scripts/GameLogics/Logics/CustomisingLogic.cs
  artifactKey: Guid(552c75a309623f848bcf8ed26b6e08ec) Importer(815301076,1909f56bfc062723c751e8b465ee728b)
Start importing Assets/Scripts/GameLogics/Logics/CustomisingLogic.cs using Guid(552c75a309623f848bcf8ed26b6e08ec) Importer(815301076,1909f56bfc062723c751e8b465ee728b)  -> (artifact id: '41b92ba2b8f25494091d60d6158be66f') in 0.018037 seconds
  Import took 0.026604 seconds .

========================================================================
Received Import Request.
  Time since last request: 100.906400 seconds.
  path: Assets/Scripts/GameLogics/Logics/CustomisingLogic.cs
  artifactKey: Guid(552c75a309623f848bcf8ed26b6e08ec) Importer(815301076,1909f56bfc062723c751e8b465ee728b)
Start importing Assets/Scripts/GameLogics/Logics/CustomisingLogic.cs using Guid(552c75a309623f848bcf8ed26b6e08ec) Importer(815301076,1909f56bfc062723c751e8b465ee728b)  -> (artifact id: '8354d796c477775f2080a6e84d763b50') in 0.008542 seconds
  Import took 0.012365 seconds .

========================================================================
Received Import Request.
  Time since last request: 7.043189 seconds.
  path: Assets/Scripts/GameLogics/Logics/CustomisingLogic.cs
  artifactKey: Guid(552c75a309623f848bcf8ed26b6e08ec) Importer(815301076,1909f56bfc062723c751e8b465ee728b)
Start importing Assets/Scripts/GameLogics/Logics/CustomisingLogic.cs using Guid(552c75a309623f848bcf8ed26b6e08ec) Importer(815301076,1909f56bfc062723c751e8b465ee728b)  -> (artifact id: 'b9adc804173e1fb8a6e2ee0a0c076691') in 0.008599 seconds
  Import took 0.011463 seconds .

========================================================================
Received Import Request.
  Time since last request: 0.000558 seconds.
  path: Assets/Scripts/GameLogics/Logics/CustomisingLogic.cs
  artifactKey: Guid(552c75a309623f848bcf8ed26b6e08ec) Importer(815301076,1909f56bfc062723c751e8b465ee728b)
Start importing Assets/Scripts/GameLogics/Logics/CustomisingLogic.cs using Guid(552c75a309623f848bcf8ed26b6e08ec) Importer(815301076,1909f56bfc062723c751e8b465ee728b)  -> (artifact id: 'b9adc804173e1fb8a6e2ee0a0c076691') in 0.005436 seconds
  Import took 0.009018 seconds .

========================================================================
Received Import Request.
  Time since last request: 224.818507 seconds.
  path: Assets/Scripts/GameLogics/Logics/CustomisingLogic.cs
  artifactKey: Guid(552c75a309623f848bcf8ed26b6e08ec) Importer(815301076,1909f56bfc062723c751e8b465ee728b)
Start importing Assets/Scripts/GameLogics/Logics/CustomisingLogic.cs using Guid(552c75a309623f848bcf8ed26b6e08ec) Importer(815301076,1909f56bfc062723c751e8b465ee728b)  -> (artifact id: '29078c8ab517c565a9688d0a3abb7505') in 0.006032 seconds
  Import took 0.009405 seconds .

========================================================================
Received Import Request.
  Time since last request: 0.001666 seconds.
  path: Assets/Scripts/GameLogics/Logics/CustomisingLogic.cs
  artifactKey: Guid(552c75a309623f848bcf8ed26b6e08ec) Importer(815301076,1909f56bfc062723c751e8b465ee728b)
Start importing Assets/Scripts/GameLogics/Logics/CustomisingLogic.cs using Guid(552c75a309623f848bcf8ed26b6e08ec) Importer(815301076,1909f56bfc062723c751e8b465ee728b)  -> (artifact id: '29078c8ab517c565a9688d0a3abb7505') in 0.004767 seconds
  Import took 0.008176 seconds .

========================================================================
Received Import Request.
  Time since last request: 23.874415 seconds.
  path: Assets/Scripts/GameLogics/Logics/CustomisingLogic.cs
  artifactKey: Guid(552c75a309623f848bcf8ed26b6e08ec) Importer(815301076,1909f56bfc062723c751e8b465ee728b)
Start importing Assets/Scripts/GameLogics/Logics/CustomisingLogic.cs using Guid(552c75a309623f848bcf8ed26b6e08ec) Importer(815301076,1909f56bfc062723c751e8b465ee728b)  -> (artifact id: '86688b5f85f774aa57e616f4b439ac1e') in 0.003663 seconds
  Import took 0.007412 seconds .

========================================================================
Received Import Request.
  Time since last request: 0.003270 seconds.
  path: Assets/Scripts/GameLogics/Logics/CustomisingLogic.cs
  artifactKey: Guid(552c75a309623f848bcf8ed26b6e08ec) Importer(815301076,1909f56bfc062723c751e8b465ee728b)
Start importing Assets/Scripts/GameLogics/Logics/CustomisingLogic.cs using Guid(552c75a309623f848bcf8ed26b6e08ec) Importer(815301076,1909f56bfc062723c751e8b465ee728b)  -> (artifact id: '86688b5f85f774aa57e616f4b439ac1e') in 0.008824 seconds
  Import took 0.011717 seconds .

========================================================================
Received Import Request.
  Time since last request: 933.815688 seconds.
  path: Assets/Scripts/GameLogics/Logics/CustomisingLogic.cs
  artifactKey: Guid(552c75a309623f848bcf8ed26b6e08ec) Importer(815301076,1909f56bfc062723c751e8b465ee728b)
Start importing Assets/Scripts/GameLogics/Logics/CustomisingLogic.cs using Guid(552c75a309623f848bcf8ed26b6e08ec) Importer(815301076,1909f56bfc062723c751e8b465ee728b)  -> (artifact id: '22176966e83489cc33383788a9a533b7') in 0.010217 seconds
  Import took 0.014495 seconds .

========================================================================
Received Import Request.
  Time since last request: 0.003872 seconds.
  path: Assets/Scripts/GameLogics/Logics/CustomisingLogic.cs
  artifactKey: Guid(552c75a309623f848bcf8ed26b6e08ec) Importer(815301076,1909f56bfc062723c751e8b465ee728b)
Start importing Assets/Scripts/GameLogics/Logics/CustomisingLogic.cs using Guid(552c75a309623f848bcf8ed26b6e08ec) Importer(815301076,1909f56bfc062723c751e8b465ee728b)  -> (artifact id: '22176966e83489cc33383788a9a533b7') in 0.008093 seconds
  Import took 0.011912 seconds .

========================================================================
Received Import Request.
  Time since last request: 105.182263 seconds.
  path: Assets/Scripts/GameLogics/Logics/CustomisingLogic.cs
  artifactKey: Guid(552c75a309623f848bcf8ed26b6e08ec) Importer(815301076,1909f56bfc062723c751e8b465ee728b)
Start importing Assets/Scripts/GameLogics/Logics/CustomisingLogic.cs using Guid(552c75a309623f848bcf8ed26b6e08ec) Importer(815301076,1909f56bfc062723c751e8b465ee728b)  -> (artifact id: '9958079b07033b233292ff091bda3db0') in 0.007741 seconds
  Import took 0.010545 seconds .

========================================================================
Received Import Request.
  Time since last request: 108.006018 seconds.
  path: Assets/Scripts/GameLogics/Logics/CustomisingLogic.cs
  artifactKey: Guid(552c75a309623f848bcf8ed26b6e08ec) Importer(815301076,1909f56bfc062723c751e8b465ee728b)
Start importing Assets/Scripts/GameLogics/Logics/CustomisingLogic.cs using Guid(552c75a309623f848bcf8ed26b6e08ec) Importer(815301076,1909f56bfc062723c751e8b465ee728b)  -> (artifact id: '98e20db801c254e30c303464c14b7105') in 0.010698 seconds
  Import took 0.013560 seconds .

========================================================================
Received Import Request.
  Time since last request: 0.000884 seconds.
  path: Assets/Scripts/GameLogics/Logics/CustomisingLogic.cs
  artifactKey: Guid(552c75a309623f848bcf8ed26b6e08ec) Importer(815301076,1909f56bfc062723c751e8b465ee728b)
Start importing Assets/Scripts/GameLogics/Logics/CustomisingLogic.cs using Guid(552c75a309623f848bcf8ed26b6e08ec) Importer(815301076,1909f56bfc062723c751e8b465ee728b)  -> (artifact id: '98e20db801c254e30c303464c14b7105') in 0.004593 seconds
  Import took 0.007290 seconds .

========================================================================
Received Import Request.
  Time since last request: 83.403787 seconds.
  path: Assets/Scripts/GameLogics/Logics/CustomisingLogic.cs
  artifactKey: Guid(552c75a309623f848bcf8ed26b6e08ec) Importer(815301076,1909f56bfc062723c751e8b465ee728b)
Start importing Assets/Scripts/GameLogics/Logics/CustomisingLogic.cs using Guid(552c75a309623f848bcf8ed26b6e08ec) Importer(815301076,1909f56bfc062723c751e8b465ee728b)  -> (artifact id: 'b74c8fca49e44843e7506025a013e201') in 0.008607 seconds
  Import took 0.011596 seconds .

========================================================================
Received Import Request.
  Time since last request: 23.745138 seconds.
  path: Assets/Scripts/GameLogics/Logics/CustomisingLogic.cs
  artifactKey: Guid(552c75a309623f848bcf8ed26b6e08ec) Importer(815301076,1909f56bfc062723c751e8b465ee728b)
Start importing Assets/Scripts/GameLogics/Logics/CustomisingLogic.cs using Guid(552c75a309623f848bcf8ed26b6e08ec) Importer(815301076,1909f56bfc062723c751e8b465ee728b)  -> (artifact id: '7737c84d96bf5d038b738612c6e3f3e7') in 0.008306 seconds
  Import took 0.011177 seconds .

========================================================================
Received Import Request.
  Time since last request: 100.683444 seconds.
  path: Assets/Scripts/GameLogics/Logics/CustomisingLogic.cs
  artifactKey: Guid(552c75a309623f848bcf8ed26b6e08ec) Importer(815301076,1909f56bfc062723c751e8b465ee728b)
Start importing Assets/Scripts/GameLogics/Logics/CustomisingLogic.cs using Guid(552c75a309623f848bcf8ed26b6e08ec) Importer(815301076,1909f56bfc062723c751e8b465ee728b)  -> (artifact id: '56d905d2d6840a16d347252ea07e5a20') in 0.005504 seconds
  Import took 0.008527 seconds .

========================================================================
Received Import Request.
  Time since last request: 39.753248 seconds.
  path: Assets/Scripts/GameLogics/Logics/CustomisingLogic.cs
  artifactKey: Guid(552c75a309623f848bcf8ed26b6e08ec) Importer(815301076,1909f56bfc062723c751e8b465ee728b)
Start importing Assets/Scripts/GameLogics/Logics/CustomisingLogic.cs using Guid(552c75a309623f848bcf8ed26b6e08ec) Importer(815301076,1909f56bfc062723c751e8b465ee728b)  -> (artifact id: '7f648941a93efc6d270202911eaf577b') in 0.007759 seconds
  Import took 0.010989 seconds .

========================================================================
Received Import Request.
  Time since last request: 20.966346 seconds.
  path: Assets/Scripts/GameLogics/Logics/CustomisingLogic.cs
  artifactKey: Guid(552c75a309623f848bcf8ed26b6e08ec) Importer(815301076,1909f56bfc062723c751e8b465ee728b)
Start importing Assets/Scripts/GameLogics/Logics/CustomisingLogic.cs using Guid(552c75a309623f848bcf8ed26b6e08ec) Importer(815301076,1909f56bfc062723c751e8b465ee728b)  -> (artifact id: 'b6739c964cafe537e1997006298cc0e5') in 0.003855 seconds
  Import took 0.113405 seconds .

========================================================================
Received Import Request.
  Time since last request: 181.135986 seconds.
  path: Assets/Scripts/GameLogics/Logics/CustomisingLogic.cs
  artifactKey: Guid(552c75a309623f848bcf8ed26b6e08ec) Importer(815301076,1909f56bfc062723c751e8b465ee728b)
Start importing Assets/Scripts/GameLogics/Logics/CustomisingLogic.cs using Guid(552c75a309623f848bcf8ed26b6e08ec) Importer(815301076,1909f56bfc062723c751e8b465ee728b)  -> (artifact id: '3b03e268032ca2ce873385a82556e4c1') in 0.005912 seconds
  Import took 0.008414 seconds .

========================================================================
Received Import Request.
  Time since last request: 232.098132 seconds.
  path: Assets/Scripts/GameLogics/Logics/CustomisingLogic.cs
  artifactKey: Guid(552c75a309623f848bcf8ed26b6e08ec) Importer(815301076,1909f56bfc062723c751e8b465ee728b)
Start importing Assets/Scripts/GameLogics/Logics/CustomisingLogic.cs using Guid(552c75a309623f848bcf8ed26b6e08ec) Importer(815301076,1909f56bfc062723c751e8b465ee728b)  -> (artifact id: '3118f017743fb680448b5cf06e607048') in 0.007620 seconds
  Import took 0.011416 seconds .

========================================================================
Received Import Request.
  Time since last request: 0.003635 seconds.
  path: Assets/Scripts/GameLogics/Logics/CustomisingLogic.cs
  artifactKey: Guid(552c75a309623f848bcf8ed26b6e08ec) Importer(815301076,1909f56bfc062723c751e8b465ee728b)
Start importing Assets/Scripts/GameLogics/Logics/CustomisingLogic.cs using Guid(552c75a309623f848bcf8ed26b6e08ec) Importer(815301076,1909f56bfc062723c751e8b465ee728b)  -> (artifact id: '3118f017743fb680448b5cf06e607048') in 0.005467 seconds
  Import took 0.008678 seconds .

========================================================================
Received Import Request.
  Time since last request: 310.092185 seconds.
  path: Assets/Scripts/GameLogics/Logics/CustomisingLogic.cs
  artifactKey: Guid(552c75a309623f848bcf8ed26b6e08ec) Importer(815301076,1909f56bfc062723c751e8b465ee728b)
Start importing Assets/Scripts/GameLogics/Logics/CustomisingLogic.cs using Guid(552c75a309623f848bcf8ed26b6e08ec) Importer(815301076,1909f56bfc062723c751e8b465ee728b)  -> (artifact id: 'a39fb09c115613ea179a819c44f59add') in 0.003515 seconds
  Import took 0.007371 seconds .

========================================================================
Received Import Request.
  Time since last request: 0.003725 seconds.
  path: Assets/Scripts/GameLogics/Logics/CustomisingLogic.cs
  artifactKey: Guid(552c75a309623f848bcf8ed26b6e08ec) Importer(815301076,1909f56bfc062723c751e8b465ee728b)
Start importing Assets/Scripts/GameLogics/Logics/CustomisingLogic.cs using Guid(552c75a309623f848bcf8ed26b6e08ec) Importer(815301076,1909f56bfc062723c751e8b465ee728b)  -> (artifact id: 'a39fb09c115613ea179a819c44f59add') in 0.004336 seconds
  Import took 0.007362 seconds .

========================================================================
Received Import Request.
  Time since last request: 60.907489 seconds.
  path: Assets/Scripts/GameLogics/Logics/CustomisingLogic.cs
  artifactKey: Guid(552c75a309623f848bcf8ed26b6e08ec) Importer(815301076,1909f56bfc062723c751e8b465ee728b)
Start importing Assets/Scripts/GameLogics/Logics/CustomisingLogic.cs using Guid(552c75a309623f848bcf8ed26b6e08ec) Importer(815301076,1909f56bfc062723c751e8b465ee728b)  -> (artifact id: '6c7edf5bbc3b36da8d3a819c4deb88fd') in 0.003309 seconds
  Import took 0.006686 seconds .

========================================================================
Received Import Request.
  Time since last request: 0.004189 seconds.
  path: Assets/Scripts/GameLogics/Logics/CustomisingLogic.cs
  artifactKey: Guid(552c75a309623f848bcf8ed26b6e08ec) Importer(815301076,1909f56bfc062723c751e8b465ee728b)
Start importing Assets/Scripts/GameLogics/Logics/CustomisingLogic.cs using Guid(552c75a309623f848bcf8ed26b6e08ec) Importer(815301076,1909f56bfc062723c751e8b465ee728b)  -> (artifact id: '6c7edf5bbc3b36da8d3a819c4deb88fd') in 0.004320 seconds
  Import took 0.006893 seconds .

========================================================================
Received Import Request.
  Time since last request: 132.759565 seconds.
  path: Assets/Scripts/GameLogics/Logics/CustomisingLogic.cs
  artifactKey: Guid(552c75a309623f848bcf8ed26b6e08ec) Importer(815301076,1909f56bfc062723c751e8b465ee728b)
Start importing Assets/Scripts/GameLogics/Logics/CustomisingLogic.cs using Guid(552c75a309623f848bcf8ed26b6e08ec) Importer(815301076,1909f56bfc062723c751e8b465ee728b)  -> (artifact id: '4a722086e095b0897815c6ebfda6fe28') in 0.003229 seconds
  Import took 0.006264 seconds .

========================================================================
Received Import Request.
  Time since last request: 0.004733 seconds.
  path: Assets/Scripts/GameLogics/Logics/CustomisingLogic.cs
  artifactKey: Guid(552c75a309623f848bcf8ed26b6e08ec) Importer(815301076,1909f56bfc062723c751e8b465ee728b)
Start importing Assets/Scripts/GameLogics/Logics/CustomisingLogic.cs using Guid(552c75a309623f848bcf8ed26b6e08ec) Importer(815301076,1909f56bfc062723c751e8b465ee728b)  -> (artifact id: '4a722086e095b0897815c6ebfda6fe28') in 0.005328 seconds
  Import took 0.008210 seconds .

========================================================================
Received Import Request.
  Time since last request: 4.974045 seconds.
  path: Assets/Scripts/GameLogics/Logics/CustomisingLogic.cs
  artifactKey: Guid(552c75a309623f848bcf8ed26b6e08ec) Importer(815301076,1909f56bfc062723c751e8b465ee728b)
Start importing Assets/Scripts/GameLogics/Logics/CustomisingLogic.cs using Guid(552c75a309623f848bcf8ed26b6e08ec) Importer(815301076,1909f56bfc062723c751e8b465ee728b)  -> (artifact id: 'c6f3e6b8e3f626a25eadee247236065c') in 0.008180 seconds
  Import took 0.012183 seconds .

========================================================================
Received Import Request.
  Time since last request: 0.000332 seconds.
  path: Assets/Scripts/GameLogics/Logics/CustomisingLogic.cs
  artifactKey: Guid(552c75a309623f848bcf8ed26b6e08ec) Importer(815301076,1909f56bfc062723c751e8b465ee728b)
Start importing Assets/Scripts/GameLogics/Logics/CustomisingLogic.cs using Guid(552c75a309623f848bcf8ed26b6e08ec) Importer(815301076,1909f56bfc062723c751e8b465ee728b)  -> (artifact id: 'c6f3e6b8e3f626a25eadee247236065c') in 0.010213 seconds
  Import took 0.015295 seconds .

========================================================================
Received Import Request.
  Time since last request: 87.049249 seconds.
  path: Assets/Scripts/GameLogics/Logics/CustomisingLogic.cs
  artifactKey: Guid(552c75a309623f848bcf8ed26b6e08ec) Importer(815301076,1909f56bfc062723c751e8b465ee728b)
Start importing Assets/Scripts/GameLogics/Logics/CustomisingLogic.cs using Guid(552c75a309623f848bcf8ed26b6e08ec) Importer(815301076,1909f56bfc062723c751e8b465ee728b)  -> (artifact id: 'ea4922a421efc64848f8262488d430c7') in 0.006332 seconds
  Import took 0.010064 seconds .

========================================================================
Received Import Request.
  Time since last request: 0.001250 seconds.
  path: Assets/Scripts/GameLogics/Logics/CustomisingLogic.cs
  artifactKey: Guid(552c75a309623f848bcf8ed26b6e08ec) Importer(815301076,1909f56bfc062723c751e8b465ee728b)
Start importing Assets/Scripts/GameLogics/Logics/CustomisingLogic.cs using Guid(552c75a309623f848bcf8ed26b6e08ec) Importer(815301076,1909f56bfc062723c751e8b465ee728b)  -> (artifact id: 'ea4922a421efc64848f8262488d430c7') in 0.005162 seconds
  Import took 0.008613 seconds .

========================================================================
Received Import Request.
  Time since last request: 224.766575 seconds.
  path: Assets/Scripts/GameLogics/Logics/CustomisingLogic.cs
  artifactKey: Guid(552c75a309623f848bcf8ed26b6e08ec) Importer(815301076,1909f56bfc062723c751e8b465ee728b)
Start importing Assets/Scripts/GameLogics/Logics/CustomisingLogic.cs using Guid(552c75a309623f848bcf8ed26b6e08ec) Importer(815301076,1909f56bfc062723c751e8b465ee728b)  -> (artifact id: 'e2e1f9c0fac5b46ebabc3e56546075a3') in 0.009722 seconds
  Import took 0.012828 seconds .

========================================================================
Received Import Request.
  Time since last request: 47.167038 seconds.
  path: Assets/Scripts/GameLogics/Logics/CustomisingLogic.cs
  artifactKey: Guid(552c75a309623f848bcf8ed26b6e08ec) Importer(815301076,1909f56bfc062723c751e8b465ee728b)
Start importing Assets/Scripts/GameLogics/Logics/CustomisingLogic.cs using Guid(552c75a309623f848bcf8ed26b6e08ec) Importer(815301076,1909f56bfc062723c751e8b465ee728b)  -> (artifact id: '89be8e011bc53845bebaad164dd90031') in 0.003618 seconds
  Import took 0.007877 seconds .

========================================================================
Received Import Request.
  Time since last request: 0.003213 seconds.
  path: Assets/Scripts/GameLogics/Logics/CustomisingLogic.cs
  artifactKey: Guid(552c75a309623f848bcf8ed26b6e08ec) Importer(815301076,1909f56bfc062723c751e8b465ee728b)
Start importing Assets/Scripts/GameLogics/Logics/CustomisingLogic.cs using Guid(552c75a309623f848bcf8ed26b6e08ec) Importer(815301076,1909f56bfc062723c751e8b465ee728b)  -> (artifact id: '89be8e011bc53845bebaad164dd90031') in 0.004245 seconds
  Import took 0.006881 seconds .

========================================================================
Received Import Request.
  Time since last request: 37.572688 seconds.
  path: Assets/Scripts/GameLogics/Logics/CustomisingLogic.cs
  artifactKey: Guid(552c75a309623f848bcf8ed26b6e08ec) Importer(815301076,1909f56bfc062723c751e8b465ee728b)
Start importing Assets/Scripts/GameLogics/Logics/CustomisingLogic.cs using Guid(552c75a309623f848bcf8ed26b6e08ec) Importer(815301076,1909f56bfc062723c751e8b465ee728b)  -> (artifact id: '02a17c8fc56d5f57d32d2f3666726f86') in 0.005083 seconds
  Import took 0.009160 seconds .

========================================================================
Received Import Request.
  Time since last request: 45.254894 seconds.
  path: Assets/Scripts/GameLogics/Logics/CustomisingLogic.cs
  artifactKey: Guid(552c75a309623f848bcf8ed26b6e08ec) Importer(815301076,1909f56bfc062723c751e8b465ee728b)
Start importing Assets/Scripts/GameLogics/Logics/CustomisingLogic.cs using Guid(552c75a309623f848bcf8ed26b6e08ec) Importer(815301076,1909f56bfc062723c751e8b465ee728b)  -> (artifact id: '4e1e47fb13d3a3feccfa5401207be89d') in 0.004816 seconds
  Import took 0.009019 seconds .

========================================================================
Received Import Request.
  Time since last request: 0.003210 seconds.
  path: Assets/Scripts/GameLogics/Logics/CustomisingLogic.cs
  artifactKey: Guid(552c75a309623f848bcf8ed26b6e08ec) Importer(815301076,1909f56bfc062723c751e8b465ee728b)
Start importing Assets/Scripts/GameLogics/Logics/CustomisingLogic.cs using Guid(552c75a309623f848bcf8ed26b6e08ec) Importer(815301076,1909f56bfc062723c751e8b465ee728b)  -> (artifact id: '4e1e47fb13d3a3feccfa5401207be89d') in 0.006209 seconds
  Import took 0.009029 seconds .

========================================================================
Received Prepare
Registering precompiled user dll's ...
Registered in 0.004675 seconds.
Begin MonoManager ReloadAssembly
Native extension for LinuxStandalone target not found
Native extension for WindowsStandalone target not found
Native extension for WebGL target not found
Refreshing native plugins compatible for Editor in 0.49 ms, found 1 plugins.
Preloading 0 native plugins for Editor in 0.00 ms.
Invoked RoslynAnalysisRunner static constructor.
RoslynAnalysisRunner will not be running.
RoslynAnalysisRunner has terminated.
Mono: successfully reloaded assembly
- Completed reload, in  1.215 seconds
Platform modules already initialized, skipping
Refreshing native plugins compatible for Editor in 0.48 ms, found 1 plugins.
Preloading 0 native plugins for Editor in 0.00 ms.
Unloading 1420 Unused Serialized files (Serialized files now loaded: 0)
System memory in use before: 65.2 MB.
System memory in use after: 65.3 MB.

Unloading 30 unused Assets to reduce memory usage. Loaded Objects now: 1852.
Total: 2.507200 ms (FindLiveObjects: 0.140000 ms CreateObjectMapping: 0.051100 ms MarkObjects: 2.243300 ms  DeleteObjects: 0.071400 ms)

========================================================================
Received Prepare
Registering precompiled user dll's ...
Registered in 0.003662 seconds.
Begin MonoManager ReloadAssembly
Native extension for LinuxStandalone target not found
Native extension for WindowsStandalone target not found
Native extension for WebGL target not found
Refreshing native plugins compatible for Editor in 0.59 ms, found 1 plugins.
Preloading 0 native plugins for Editor in 0.00 ms.
Invoked RoslynAnalysisRunner static constructor.
RoslynAnalysisRunner will not be running.
RoslynAnalysisRunner has terminated.
Mono: successfully reloaded assembly
- Completed reload, in  1.128 seconds
Platform modules already initialized, skipping
Refreshing native plugins compatible for Editor in 0.57 ms, found 1 plugins.
Preloading 0 native plugins for Editor in 0.00 ms.
Unloading 1420 Unused Serialized files (Serialized files now loaded: 0)
System memory in use before: 65.2 MB.
System memory in use after: 65.3 MB.

Unloading 30 unused Assets to reduce memory usage. Loaded Objects now: 1854.
Total: 2.030000 ms (FindLiveObjects: 0.178100 ms CreateObjectMapping: 0.074100 ms MarkObjects: 1.736100 ms  DeleteObjects: 0.039300 ms)

========================================================================
Received Import Request.
  Time since last request: 596.363219 seconds.
  path: Assets/Scripts/GameLogics/Logics/CustomisingLogic.cs
  artifactKey: Guid(552c75a309623f848bcf8ed26b6e08ec) Importer(815301076,1909f56bfc062723c751e8b465ee728b)
Start importing Assets/Scripts/GameLogics/Logics/CustomisingLogic.cs using Guid(552c75a309623f848bcf8ed26b6e08ec) Importer(815301076,1909f56bfc062723c751e8b465ee728b)  -> (artifact id: '8269a8b53d32bdcf4ed2608ca6d1f424') in 0.005627 seconds
  Import took 0.008142 seconds .

========================================================================
Received Prepare
Registering precompiled user dll's ...
Registered in 0.006896 seconds.
Begin MonoManager ReloadAssembly
Native extension for LinuxStandalone target not found
Native extension for WindowsStandalone target not found
Native extension for WebGL target not found
Refreshing native plugins compatible for Editor in 0.50 ms, found 1 plugins.
Preloading 0 native plugins for Editor in 0.00 ms.
Invoked RoslynAnalysisRunner static constructor.
RoslynAnalysisRunner will not be running.
RoslynAnalysisRunner has terminated.
Mono: successfully reloaded assembly
- Completed reload, in  1.080 seconds
Platform modules already initialized, skipping
Refreshing native plugins compatible for Editor in 0.54 ms, found 1 plugins.
Preloading 0 native plugins for Editor in 0.00 ms.
Unloading 1420 Unused Serialized files (Serialized files now loaded: 0)
System memory in use before: 65.2 MB.
System memory in use after: 65.3 MB.

Unloading 30 unused Assets to reduce memory usage. Loaded Objects now: 1856.
Total: 2.091000 ms (FindLiveObjects: 0.238700 ms CreateObjectMapping: 0.110100 ms MarkObjects: 1.671400 ms  DeleteObjects: 0.069100 ms)

========================================================================
Received Import Request.
  Time since last request: 1601.899924 seconds.
  path: Assets/Scripts/GameLogics/Logics/CustomisingLogic.cs
  artifactKey: Guid(552c75a309623f848bcf8ed26b6e08ec) Importer(815301076,1909f56bfc062723c751e8b465ee728b)
Start importing Assets/Scripts/GameLogics/Logics/CustomisingLogic.cs using Guid(552c75a309623f848bcf8ed26b6e08ec) Importer(815301076,1909f56bfc062723c751e8b465ee728b)  -> (artifact id: 'a12804ca882dc419893d6109cf6dc433') in 0.005388 seconds
  Import took 0.007846 seconds .

========================================================================
Received Prepare
Registering precompiled user dll's ...
Registered in 0.011291 seconds.
Begin MonoManager ReloadAssembly
Native extension for LinuxStandalone target not found
Native extension for WindowsStandalone target not found
Native extension for WebGL target not found
Refreshing native plugins compatible for Editor in 0.54 ms, found 1 plugins.
Preloading 0 native plugins for Editor in 0.00 ms.
Invoked RoslynAnalysisRunner static constructor.
RoslynAnalysisRunner will not be running.
RoslynAnalysisRunner has terminated.
Mono: successfully reloaded assembly
- Completed reload, in  1.028 seconds
Platform modules already initialized, skipping
Refreshing native plugins compatible for Editor in 0.50 ms, found 1 plugins.
Preloading 0 native plugins for Editor in 0.00 ms.
Unloading 1420 Unused Serialized files (Serialized files now loaded: 0)
System memory in use before: 65.2 MB.
System memory in use after: 65.3 MB.

Unloading 30 unused Assets to reduce memory usage. Loaded Objects now: 1858.
Total: 2.067600 ms (FindLiveObjects: 0.144700 ms CreateObjectMapping: 0.046900 ms MarkObjects: 1.816600 ms  DeleteObjects: 0.058200 ms)

========================================================================
Received Import Request.
  Time since last request: 515.288279 seconds.
  path: Assets/Scripts/GameLogics/Logics/CustomisingLogic.cs
  artifactKey: Guid(552c75a309623f848bcf8ed26b6e08ec) Importer(815301076,1909f56bfc062723c751e8b465ee728b)
Start importing Assets/Scripts/GameLogics/Logics/CustomisingLogic.cs using Guid(552c75a309623f848bcf8ed26b6e08ec) Importer(815301076,1909f56bfc062723c751e8b465ee728b)  -> (artifact id: '85de1fdf55edc9f9cd8e438c065d4a84') in 0.009394 seconds
  Import took 0.011873 seconds .

========================================================================
Received Prepare
Registering precompiled user dll's ...
Registered in 0.007734 seconds.
Begin MonoManager ReloadAssembly
Native extension for LinuxStandalone target not found
Native extension for WindowsStandalone target not found
Native extension for WebGL target not found
Refreshing native plugins compatible for Editor in 0.69 ms, found 1 plugins.
Preloading 0 native plugins for Editor in 0.00 ms.
Invoked RoslynAnalysisRunner static constructor.
RoslynAnalysisRunner will not be running.
RoslynAnalysisRunner has terminated.
Mono: successfully reloaded assembly
- Completed reload, in  1.311 seconds
Platform modules already initialized, skipping
Refreshing native plugins compatible for Editor in 0.52 ms, found 1 plugins.
Preloading 0 native plugins for Editor in 0.00 ms.
Unloading 1420 Unused Serialized files (Serialized files now loaded: 0)
System memory in use before: 65.3 MB.
System memory in use after: 65.4 MB.

Unloading 30 unused Assets to reduce memory usage. Loaded Objects now: 1860.
Total: 2.405100 ms (FindLiveObjects: 0.193700 ms CreateObjectMapping: 0.100800 ms MarkObjects: 2.083300 ms  DeleteObjects: 0.025300 ms)

========================================================================
Received Import Request.
  Time since last request: 996.839863 seconds.
  path: Assets/Scripts/GameLogics/Logics/CustomisingLogic.cs
  artifactKey: Guid(552c75a309623f848bcf8ed26b6e08ec) Importer(815301076,1909f56bfc062723c751e8b465ee728b)
Start importing Assets/Scripts/GameLogics/Logics/CustomisingLogic.cs using Guid(552c75a309623f848bcf8ed26b6e08ec) Importer(815301076,1909f56bfc062723c751e8b465ee728b)  -> (artifact id: '75b19fe59bed76976fc99d0df669a28f') in 0.009919 seconds
  Import took 0.013340 seconds .

========================================================================
Received Import Request.
  Time since last request: 44.923057 seconds.
  path: Assets/Scripts/GameLogics/Logics/CustomisingLogic.cs
  artifactKey: Guid(552c75a309623f848bcf8ed26b6e08ec) Importer(815301076,1909f56bfc062723c751e8b465ee728b)
Start importing Assets/Scripts/GameLogics/Logics/CustomisingLogic.cs using Guid(552c75a309623f848bcf8ed26b6e08ec) Importer(815301076,1909f56bfc062723c751e8b465ee728b)  -> (artifact id: 'cb1bb4efb60635c511138e17dbd8a9f7') in 0.027003 seconds
  Import took 0.031483 seconds .

========================================================================
Received Prepare
Registering precompiled user dll's ...
Registered in 0.004726 seconds.
Begin MonoManager ReloadAssembly
Native extension for LinuxStandalone target not found
Native extension for WindowsStandalone target not found
Native extension for WebGL target not found
Refreshing native plugins compatible for Editor in 0.47 ms, found 1 plugins.
Preloading 0 native plugins for Editor in 0.00 ms.
Invoked RoslynAnalysisRunner static constructor.
RoslynAnalysisRunner will not be running.
RoslynAnalysisRunner has terminated.
Mono: successfully reloaded assembly
- Completed reload, in  1.096 seconds
Platform modules already initialized, skipping
Refreshing native plugins compatible for Editor in 0.52 ms, found 1 plugins.
Preloading 0 native plugins for Editor in 0.00 ms.
Unloading 1420 Unused Serialized files (Serialized files now loaded: 0)
System memory in use before: 65.3 MB.
System memory in use after: 65.4 MB.

Unloading 30 unused Assets to reduce memory usage. Loaded Objects now: 1862.
Total: 2.820700 ms (FindLiveObjects: 0.248500 ms CreateObjectMapping: 0.105800 ms MarkObjects: 2.400500 ms  DeleteObjects: 0.064400 ms)

========================================================================
Received Import Request.
  Time since last request: 363.639418 seconds.
  path: Assets/Scripts/GameLogics/Logics/CustomisingLogic.cs
  artifactKey: Guid(552c75a309623f848bcf8ed26b6e08ec) Importer(815301076,1909f56bfc062723c751e8b465ee728b)
Start importing Assets/Scripts/GameLogics/Logics/CustomisingLogic.cs using Guid(552c75a309623f848bcf8ed26b6e08ec) Importer(815301076,1909f56bfc062723c751e8b465ee728b)  -> (artifact id: '88f7a35a94971cd6e9f71748bf7ebb0e') in 0.005730 seconds
  Import took 0.008443 seconds .

========================================================================
Received Prepare
Registering precompiled user dll's ...
Registered in 0.003568 seconds.
Begin MonoManager ReloadAssembly
Native extension for LinuxStandalone target not found
Native extension for WindowsStandalone target not found
Native extension for WebGL target not found
Refreshing native plugins compatible for Editor in 0.53 ms, found 1 plugins.
Preloading 0 native plugins for Editor in 0.00 ms.
Invoked RoslynAnalysisRunner static constructor.
RoslynAnalysisRunner will not be running.
RoslynAnalysisRunner has terminated.
Mono: successfully reloaded assembly
- Completed reload, in  1.206 seconds
Platform modules already initialized, skipping
Refreshing native plugins compatible for Editor in 0.58 ms, found 1 plugins.
Preloading 0 native plugins for Editor in 0.00 ms.
Unloading 1420 Unused Serialized files (Serialized files now loaded: 0)
System memory in use before: 65.3 MB.
System memory in use after: 65.4 MB.

Unloading 30 unused Assets to reduce memory usage. Loaded Objects now: 1864.
Total: 2.263100 ms (FindLiveObjects: 0.336800 ms CreateObjectMapping: 0.121500 ms MarkObjects: 1.771700 ms  DeleteObjects: 0.031600 ms)

========================================================================
Received Prepare
Registering precompiled user dll's ...
Registered in 0.003779 seconds.
Begin MonoManager ReloadAssembly
Native extension for LinuxStandalone target not found
Native extension for WindowsStandalone target not found
Native extension for WebGL target not found
Refreshing native plugins compatible for Editor in 0.54 ms, found 1 plugins.
Preloading 0 native plugins for Editor in 0.00 ms.
Invoked RoslynAnalysisRunner static constructor.
RoslynAnalysisRunner will not be running.
RoslynAnalysisRunner has terminated.
Mono: successfully reloaded assembly
- Completed reload, in  1.435 seconds
Platform modules already initialized, skipping
Refreshing native plugins compatible for Editor in 0.62 ms, found 1 plugins.
Preloading 0 native plugins for Editor in 0.00 ms.
Unloading 1422 Unused Serialized files (Serialized files now loaded: 0)
System memory in use before: 65.4 MB.
System memory in use after: 65.5 MB.

Unloading 30 unused Assets to reduce memory usage. Loaded Objects now: 1868.
Total: 2.523300 ms (FindLiveObjects: 0.221300 ms CreateObjectMapping: 0.060800 ms MarkObjects: 2.208300 ms  DeleteObjects: 0.030700 ms)

========================================================================
Received Prepare
Registering precompiled user dll's ...
Registered in 0.010027 seconds.
Begin MonoManager ReloadAssembly
Native extension for LinuxStandalone target not found
Native extension for WindowsStandalone target not found
Native extension for WebGL target not found
Refreshing native plugins compatible for Editor in 0.57 ms, found 1 plugins.
Preloading 0 native plugins for Editor in 0.00 ms.
Invoked RoslynAnalysisRunner static constructor.
RoslynAnalysisRunner will not be running.
RoslynAnalysisRunner has terminated.
Mono: successfully reloaded assembly
- Completed reload, in  1.034 seconds
Platform modules already initialized, skipping
Refreshing native plugins compatible for Editor in 0.49 ms, found 1 plugins.
Preloading 0 native plugins for Editor in 0.00 ms.
Unloading 1422 Unused Serialized files (Serialized files now loaded: 0)
System memory in use before: 65.4 MB.
System memory in use after: 65.5 MB.

Unloading 30 unused Assets to reduce memory usage. Loaded Objects now: 1870.
Total: 2.375000 ms (FindLiveObjects: 0.197400 ms CreateObjectMapping: 0.073600 ms MarkObjects: 2.065900 ms  DeleteObjects: 0.037100 ms)

========================================================================
Received Import Request.
  Time since last request: 3256.810311 seconds.
  path: Assets/Scripts/GameLogics/Logics/CustomisingLogic.cs
  artifactKey: Guid(552c75a309623f848bcf8ed26b6e08ec) Importer(815301076,1909f56bfc062723c751e8b465ee728b)
Start importing Assets/Scripts/GameLogics/Logics/CustomisingLogic.cs using Guid(552c75a309623f848bcf8ed26b6e08ec) Importer(815301076,1909f56bfc062723c751e8b465ee728b)  -> (artifact id: '3f2e940b274f0533608a5ec841635f33') in 0.005246 seconds
  Import took 0.007792 seconds .

========================================================================
Received Import Request.
  Time since last request: 3.516347 seconds.
  path: Assets/Scenes
  artifactKey: Guid(86039c0789ab6b9449d6995c86838e31) Importer(815301076,1909f56bfc062723c751e8b465ee728b)
Start importing Assets/Scenes using Guid(86039c0789ab6b9449d6995c86838e31) Importer(815301076,1909f56bfc062723c751e8b465ee728b)  -> (artifact id: '834d1e53098e0a5bf7cbf62df303159f') in 0.014746 seconds
  Import took 0.017240 seconds .

========================================================================
Received Import Request.
  Time since last request: 5.826714 seconds.
  path: Assets/Scenes/StartSettings.unity
  artifactKey: Guid(203f718d6483c3a45a9e209c05b1b5aa) Importer(815301076,1909f56bfc062723c751e8b465ee728b)
Start importing Assets/Scenes/StartSettings.unity using Guid(203f718d6483c3a45a9e209c05b1b5aa) Importer(815301076,1909f56bfc062723c751e8b465ee728b)  -> (artifact id: '95ff4dcfbcb3015e91a5ef4f126c4d2b') in 0.022962 seconds
  Import took 0.026225 seconds .

========================================================================
Received Import Request.
  Time since last request: 1.653003 seconds.
  path: Assets/Scenes/StartSettings 2.unity
  artifactKey: Guid(c44cdad494d3da44d8bd09caa0f9566f) Importer(815301076,1909f56bfc062723c751e8b465ee728b)
Start importing Assets/Scenes/StartSettings 2.unity using Guid(c44cdad494d3da44d8bd09caa0f9566f) Importer(815301076,1909f56bfc062723c751e8b465ee728b)  -> (artifact id: 'fdd6e9eabe8cd2b98137a8a928959fb2') in 0.011969 seconds
  Import took 0.015943 seconds .

========================================================================
Received Import Request.
  Time since last request: 2.951393 seconds.
  path: Assets/Scenes/StartSettings 1.unity
  artifactKey: Guid(6cf99b22fc4bc2b4d820170b8906cd95) Importer(815301076,1909f56bfc062723c751e8b465ee728b)
Start importing Assets/Scenes/StartSettings 1.unity using Guid(6cf99b22fc4bc2b4d820170b8906cd95) Importer(815301076,1909f56bfc062723c751e8b465ee728b)  -> (artifact id: 'fcf18698e3009cb3daade319f4c5d606') in 0.012204 seconds
  Import took 0.015232 seconds .

========================================================================
Received Import Request.
  Time since last request: 23.639406 seconds.
  path: Assets/Scenes/Trash_ToTestLogic.unity
  artifactKey: Guid(366db53383e56324b84f99be3fe17730) Importer(815301076,1909f56bfc062723c751e8b465ee728b)
Start importing Assets/Scenes/Trash_ToTestLogic.unity using Guid(366db53383e56324b84f99be3fe17730) Importer(815301076,1909f56bfc062723c751e8b465ee728b)  -> (artifact id: '35b447ae50617aa270d74054b977dda8') in 0.011805 seconds
  Import took 0.014903 seconds .

========================================================================
Received Prepare
Registering precompiled user dll's ...
Registered in 0.004720 seconds.
Begin MonoManager ReloadAssembly
Native extension for LinuxStandalone target not found
Native extension for WindowsStandalone target not found
Native extension for WebGL target not found
Refreshing native plugins compatible for Editor in 0.53 ms, found 1 plugins.
Preloading 0 native plugins for Editor in 0.00 ms.
Invoked RoslynAnalysisRunner static constructor.
RoslynAnalysisRunner will not be running.
RoslynAnalysisRunner has terminated.
Mono: successfully reloaded assembly
- Completed reload, in  1.517 seconds
Platform modules already initialized, skipping
Refreshing native plugins compatible for Editor in 1.98 ms, found 1 plugins.
Preloading 0 native plugins for Editor in 0.00 ms.
Unloading 1423 Unused Serialized files (Serialized files now loaded: 0)
System memory in use before: 65.4 MB.
System memory in use after: 65.6 MB.

Unloading 30 unused Assets to reduce memory usage. Loaded Objects now: 1873.
Total: 2.109000 ms (FindLiveObjects: 0.172600 ms CreateObjectMapping: 0.064800 ms MarkObjects: 1.846000 ms  DeleteObjects: 0.024200 ms)

========================================================================
Received Prepare
Registering precompiled user dll's ...
Registered in 0.003819 seconds.
Begin MonoManager ReloadAssembly
Native extension for LinuxStandalone target not found
Native extension for WindowsStandalone target not found
Native extension for WebGL target not found
Refreshing native plugins compatible for Editor in 0.44 ms, found 1 plugins.
Preloading 0 native plugins for Editor in 0.00 ms.
Invoked RoslynAnalysisRunner static constructor.
RoslynAnalysisRunner will not be running.
RoslynAnalysisRunner has terminated.
Mono: successfully reloaded assembly
- Completed reload, in  1.044 seconds
Platform modules already initialized, skipping
Refreshing native plugins compatible for Editor in 0.51 ms, found 1 plugins.
Preloading 0 native plugins for Editor in 0.00 ms.
Unloading 1423 Unused Serialized files (Serialized files now loaded: 0)
System memory in use before: 65.5 MB.
System memory in use after: 65.6 MB.

Unloading 30 unused Assets to reduce memory usage. Loaded Objects now: 1875.
Total: 1.995100 ms (FindLiveObjects: 0.176600 ms CreateObjectMapping: 0.073500 ms MarkObjects: 1.720900 ms  DeleteObjects: 0.022900 ms)

========================================================================
Received Prepare
Registering precompiled user dll's ...
Registered in 0.003598 seconds.
Begin MonoManager ReloadAssembly
Native extension for LinuxStandalone target not found
Native extension for WindowsStandalone target not found
Native extension for WebGL target not found
Refreshing native plugins compatible for Editor in 0.57 ms, found 1 plugins.
Preloading 0 native plugins for Editor in 0.00 ms.
Invoked RoslynAnalysisRunner static constructor.
RoslynAnalysisRunner will not be running.
RoslynAnalysisRunner has terminated.
Mono: successfully reloaded assembly
- Completed reload, in  1.199 seconds
Platform modules already initialized, skipping
Refreshing native plugins compatible for Editor in 0.50 ms, found 1 plugins.
Preloading 0 native plugins for Editor in 0.00 ms.
Unloading 1423 Unused Serialized files (Serialized files now loaded: 0)
System memory in use before: 65.5 MB.
System memory in use after: 65.6 MB.

Unloading 30 unused Assets to reduce memory usage. Loaded Objects now: 1877.
Total: 2.176100 ms (FindLiveObjects: 0.405100 ms CreateObjectMapping: 0.060500 ms MarkObjects: 1.688100 ms  DeleteObjects: 0.020900 ms)

========================================================================
Received Prepare
Registering precompiled user dll's ...
Registered in 0.003582 seconds.
Begin MonoManager ReloadAssembly
Native extension for LinuxStandalone target not found
Native extension for WindowsStandalone target not found
Native extension for WebGL target not found
Refreshing native plugins compatible for Editor in 1.47 ms, found 1 plugins.
Preloading 0 native plugins for Editor in 0.00 ms.
Invoked RoslynAnalysisRunner static constructor.
RoslynAnalysisRunner will not be running.
RoslynAnalysisRunner has terminated.
Mono: successfully reloaded assembly
- Completed reload, in  1.699 seconds
Platform modules already initialized, skipping
Refreshing native plugins compatible for Editor in 0.55 ms, found 1 plugins.
Preloading 0 native plugins for Editor in 0.00 ms.
Unloading 1423 Unused Serialized files (Serialized files now loaded: 0)
System memory in use before: 65.5 MB.
System memory in use after: 65.6 MB.

Unloading 30 unused Assets to reduce memory usage. Loaded Objects now: 1879.
Total: 3.909900 ms (FindLiveObjects: 0.187800 ms CreateObjectMapping: 0.283900 ms MarkObjects: 3.409700 ms  DeleteObjects: 0.026700 ms)

========================================================================
Received Prepare
Registering precompiled user dll's ...
Registered in 0.004646 seconds.
Begin MonoManager ReloadAssembly
Native extension for LinuxStandalone target not found
Native extension for WindowsStandalone target not found
Native extension for WebGL target not found
Refreshing native plugins compatible for Editor in 1.03 ms, found 1 plugins.
Preloading 0 native plugins for Editor in 0.00 ms.
Invoked RoslynAnalysisRunner static constructor.
RoslynAnalysisRunner will not be running.
RoslynAnalysisRunner has terminated.
Mono: successfully reloaded assembly
- Completed reload, in  2.344 seconds
Platform modules already initialized, skipping
Refreshing native plugins compatible for Editor in 0.83 ms, found 1 plugins.
Preloading 0 native plugins for Editor in 0.00 ms.
Unloading 1423 Unused Serialized files (Serialized files now loaded: 0)
System memory in use before: 65.5 MB.
System memory in use after: 65.6 MB.

Unloading 30 unused Assets to reduce memory usage. Loaded Objects now: 1881.
Total: 3.506700 ms (FindLiveObjects: 0.384500 ms CreateObjectMapping: 0.297600 ms MarkObjects: 2.781300 ms  DeleteObjects: 0.037000 ms)

========================================================================
Received Prepare
Registering precompiled user dll's ...
Registered in 0.004325 seconds.
Begin MonoManager ReloadAssembly
Native extension for LinuxStandalone target not found
Native extension for WindowsStandalone target not found
Native extension for WebGL target not found
Refreshing native plugins compatible for Editor in 0.55 ms, found 1 plugins.
Preloading 0 native plugins for Editor in 0.00 ms.
Invoked RoslynAnalysisRunner static constructor.
RoslynAnalysisRunner will not be running.
RoslynAnalysisRunner has terminated.
Mono: successfully reloaded assembly
- Completed reload, in  1.022 seconds
Platform modules already initialized, skipping
Refreshing native plugins compatible for Editor in 0.50 ms, found 1 plugins.
Preloading 0 native plugins for Editor in 0.00 ms.
Unloading 1423 Unused Serialized files (Serialized files now loaded: 0)
System memory in use before: 65.5 MB.
System memory in use after: 65.6 MB.

Unloading 30 unused Assets to reduce memory usage. Loaded Objects now: 1883.
Total: 2.111100 ms (FindLiveObjects: 0.272600 ms CreateObjectMapping: 0.087100 ms MarkObjects: 1.726200 ms  DeleteObjects: 0.024100 ms)

========================================================================
Received Prepare
Registering precompiled user dll's ...
Registered in 0.003671 seconds.
Begin MonoManager ReloadAssembly
Native extension for LinuxStandalone target not found
Native extension for WindowsStandalone target not found
Native extension for WebGL target not found
Refreshing native plugins compatible for Editor in 0.49 ms, found 1 plugins.
Preloading 0 native plugins for Editor in 0.00 ms.
Invoked RoslynAnalysisRunner static constructor.
RoslynAnalysisRunner will not be running.
RoslynAnalysisRunner has terminated.
Mono: successfully reloaded assembly
- Completed reload, in  1.037 seconds
Platform modules already initialized, skipping
Refreshing native plugins compatible for Editor in 0.49 ms, found 1 plugins.
Preloading 0 native plugins for Editor in 0.00 ms.
Unloading 1423 Unused Serialized files (Serialized files now loaded: 0)
System memory in use before: 65.5 MB.
System memory in use after: 65.6 MB.

Unloading 30 unused Assets to reduce memory usage. Loaded Objects now: 1885.
Total: 2.280200 ms (FindLiveObjects: 0.240200 ms CreateObjectMapping: 0.078100 ms MarkObjects: 1.897900 ms  DeleteObjects: 0.062400 ms)

========================================================================
Received Prepare
Registering precompiled user dll's ...
Registered in 0.005072 seconds.
Begin MonoManager ReloadAssembly
Native extension for LinuxStandalone target not found
Native extension for WindowsStandalone target not found
Native extension for WebGL target not found
Refreshing native plugins compatible for Editor in 1.08 ms, found 1 plugins.
Preloading 0 native plugins for Editor in 0.00 ms.
Invoked RoslynAnalysisRunner static constructor.
RoslynAnalysisRunner will not be running.
RoslynAnalysisRunner has terminated.
Mono: successfully reloaded assembly
- Completed reload, in  1.784 seconds
Platform modules already initialized, skipping
Refreshing native plugins compatible for Editor in 0.74 ms, found 1 plugins.
Preloading 0 native plugins for Editor in 0.00 ms.
Unloading 1423 Unused Serialized files (Serialized files now loaded: 0)
System memory in use before: 65.5 MB.
System memory in use after: 65.6 MB.

Unloading 30 unused Assets to reduce memory usage. Loaded Objects now: 1887.
Total: 4.772700 ms (FindLiveObjects: 0.228000 ms CreateObjectMapping: 0.080200 ms MarkObjects: 4.427200 ms  DeleteObjects: 0.035000 ms)

========================================================================
Received Prepare
Registering precompiled user dll's ...
Registered in 0.003234 seconds.
Begin MonoManager ReloadAssembly
Native extension for LinuxStandalone target not found
Native extension for WindowsStandalone target not found
Native extension for WebGL target not found
Refreshing native plugins compatible for Editor in 0.47 ms, found 1 plugins.
Preloading 0 native plugins for Editor in 0.00 ms.
Invoked RoslynAnalysisRunner static constructor.
RoslynAnalysisRunner will not be running.
RoslynAnalysisRunner has terminated.
Mono: successfully reloaded assembly
- Completed reload, in  1.022 seconds
Platform modules already initialized, skipping
Refreshing native plugins compatible for Editor in 0.51 ms, found 1 plugins.
Preloading 0 native plugins for Editor in 0.00 ms.
Unloading 1423 Unused Serialized files (Serialized files now loaded: 0)
System memory in use before: 65.5 MB.
System memory in use after: 65.6 MB.

Unloading 30 unused Assets to reduce memory usage. Loaded Objects now: 1889.
Total: 2.162000 ms (FindLiveObjects: 0.148000 ms CreateObjectMapping: 0.055900 ms MarkObjects: 1.910700 ms  DeleteObjects: 0.046200 ms)

========================================================================
Received Prepare
Registering precompiled user dll's ...
Registered in 0.003682 seconds.
Begin MonoManager ReloadAssembly
Native extension for LinuxStandalone target not found
Native extension for WindowsStandalone target not found
Native extension for WebGL target not found
Refreshing native plugins compatible for Editor in 0.47 ms, found 1 plugins.
Preloading 0 native plugins for Editor in 0.00 ms.
Invoked RoslynAnalysisRunner static constructor.
RoslynAnalysisRunner will not be running.
RoslynAnalysisRunner has terminated.
Mono: successfully reloaded assembly
- Completed reload, in  1.036 seconds
Platform modules already initialized, skipping
Refreshing native plugins compatible for Editor in 0.48 ms, found 1 plugins.
Preloading 0 native plugins for Editor in 0.00 ms.
Unloading 1423 Unused Serialized files (Serialized files now loaded: 0)
System memory in use before: 65.5 MB.
System memory in use after: 65.6 MB.

Unloading 30 unused Assets to reduce memory usage. Loaded Objects now: 1891.
Total: 1.916600 ms (FindLiveObjects: 0.203400 ms CreateObjectMapping: 0.070800 ms MarkObjects: 1.620700 ms  DeleteObjects: 0.020400 ms)

========================================================================
Received Prepare
Registering precompiled user dll's ...
Registered in 0.012364 seconds.
Begin MonoManager ReloadAssembly
Native extension for LinuxStandalone target not found
Native extension for WindowsStandalone target not found
Native extension for WebGL target not found
Refreshing native plugins compatible for Editor in 1.24 ms, found 1 plugins.
Preloading 0 native plugins for Editor in 0.00 ms.
Invoked RoslynAnalysisRunner static constructor.
RoslynAnalysisRunner will not be running.
RoslynAnalysisRunner has terminated.
Mono: successfully reloaded assembly
- Completed reload, in  2.024 seconds
Platform modules already initialized, skipping
Refreshing native plugins compatible for Editor in 0.47 ms, found 1 plugins.
Preloading 0 native plugins for Editor in 0.00 ms.
Unloading 1423 Unused Serialized files (Serialized files now loaded: 0)
System memory in use before: 65.5 MB.
System memory in use after: 65.6 MB.

Unloading 30 unused Assets to reduce memory usage. Loaded Objects now: 1893.
Total: 3.015200 ms (FindLiveObjects: 0.184300 ms CreateObjectMapping: 0.070000 ms MarkObjects: 2.703500 ms  DeleteObjects: 0.054200 ms)

========================================================================
Received Prepare
Registering precompiled user dll's ...
Registered in 0.015170 seconds.
Begin MonoManager ReloadAssembly
Native extension for LinuxStandalone target not found
Native extension for WindowsStandalone target not found
Native extension for WebGL target not found
Refreshing native plugins compatible for Editor in 0.51 ms, found 1 plugins.
Preloading 0 native plugins for Editor in 0.00 ms.
Invoked RoslynAnalysisRunner static constructor.
RoslynAnalysisRunner will not be running.
RoslynAnalysisRunner has terminated.
Mono: successfully reloaded assembly
- Completed reload, in  1.964 seconds
Platform modules already initialized, skipping
Refreshing native plugins compatible for Editor in 0.52 ms, found 1 plugins.
Preloading 0 native plugins for Editor in 0.00 ms.
Unloading 1423 Unused Serialized files (Serialized files now loaded: 0)
System memory in use before: 65.5 MB.
System memory in use after: 65.6 MB.

Unloading 30 unused Assets to reduce memory usage. Loaded Objects now: 1895.
Total: 2.040700 ms (FindLiveObjects: 0.206400 ms CreateObjectMapping: 0.088700 ms MarkObjects: 1.705100 ms  DeleteObjects: 0.039000 ms)

========================================================================
Received Prepare
Registering precompiled user dll's ...
Registered in 0.007244 seconds.
Begin MonoManager ReloadAssembly
Native extension for LinuxStandalone target not found
Native extension for WindowsStandalone target not found
Native extension for WebGL target not found
Refreshing native plugins compatible for Editor in 0.48 ms, found 1 plugins.
Preloading 0 native plugins for Editor in 0.00 ms.
Invoked RoslynAnalysisRunner static constructor.
RoslynAnalysisRunner will not be running.
RoslynAnalysisRunner has terminated.
Mono: successfully reloaded assembly
- Completed reload, in  0.996 seconds
Platform modules already initialized, skipping
Refreshing native plugins compatible for Editor in 0.54 ms, found 1 plugins.
Preloading 0 native plugins for Editor in 0.00 ms.
Unloading 1423 Unused Serialized files (Serialized files now loaded: 0)
System memory in use before: 65.5 MB.
System memory in use after: 65.6 MB.

Unloading 30 unused Assets to reduce memory usage. Loaded Objects now: 1897.
Total: 1.867300 ms (FindLiveObjects: 0.182600 ms CreateObjectMapping: 0.052600 ms MarkObjects: 1.592300 ms  DeleteObjects: 0.038900 ms)

AssetImportWorkerClient::OnTransportError - code=2 error=End of file
