Using pre-set license
Built from '2020.2/staging' branch; Version is '2020.2.3f1 (8ff31bc5bf5b) revision 9433883'; Using compiler version '192528614'; Build Type 'Release'
OS: 'Windows 10 Enterprise; OS build 19042.867; Version 2009; 64bit' Language: 'ru' Physical Memory: 16276 MB
BatchMode: 1, IsHumanControllingUs: 0, StartBugReporterOnCrash: 0, Is64bit: 1, IsPro: 0

 COMMAND LINE ARGUMENTS:
C:\Program Files\Unity\Hub\Editor\2020.2.3f1\Editor\Unity.exe
-adb2
-batchMode
-noUpm
-name
AssetImportWorker0
-projectPath
D:/Project Snake/SnakeGame
-logFile
Logs/AssetImportWorker0.log
-srvPort
21533
Successfully changed project path to: D:/Project Snake/SnakeGame
D:/Project Snake/SnakeGame
Using Asset Import Pipeline V2.
Refreshing native plugins compatible for Editor in 49.68 ms, found 1 plugins.
Preloading 0 native plugins for Editor in 0.00 ms.
Initialize engine version: 2020.2.3f1 (8ff31bc5bf5b)
[Subsystems] Discovering subsystems at path C:/Program Files/Unity/Hub/Editor/2020.2.3f1/Editor/Data/Resources/UnitySubsystems
[Subsystems] Discovering subsystems at path D:/Project Snake/SnakeGame/Assets
GfxDevice: creating device client; threaded=0
Direct3D:
    Version:  Direct3D 11.0 [level 11.1]
    Renderer: NVIDIA GeForce GTX 1050 (ID=0x1c8d)
    Vendor:   
    VRAM:     4021 MB
    Driver:   27.21.14.6140
Initialize mono
Mono path[0] = 'C:/Program Files/Unity/Hub/Editor/2020.2.3f1/Editor/Data/Managed'
Mono path[1] = 'C:/Program Files/Unity/Hub/Editor/2020.2.3f1/Editor/Data/MonoBleedingEdge/lib/mono/unityjit'
Mono config path = 'C:/Program Files/Unity/Hub/Editor/2020.2.3f1/Editor/Data/MonoBleedingEdge/etc'
Using monoOptions --debugger-agent=transport=dt_socket,embedding=1,server=y,suspend=n,address=127.0.0.1:56940
Begin MonoManager ReloadAssembly
Registering precompiled unity dll's ...
Register platform support module: C:/Program Files/Unity/Hub/Editor/2020.2.3f1/Editor/Data/PlaybackEngines/WebGLSupport/UnityEditor.WebGL.Extensions.dll
Register platform support module: C:/Program Files/Unity/Hub/Editor/2020.2.3f1/Editor/Data/PlaybackEngines/WindowsStandaloneSupport/UnityEditor.WindowsStandalone.Extensions.dll
Register platform support module: C:/Program Files/Unity/Hub/Editor/2020.2.3f1/Editor/Data/PlaybackEngines/LinuxStandaloneSupport/UnityEditor.LinuxStandalone.Extensions.dll
Registered in 0.004564 seconds.
Native extension for LinuxStandalone target not found
Native extension for WindowsStandalone target not found
Native extension for WebGL target not found
Refreshing native plugins compatible for Editor in 43.27 ms, found 1 plugins.
Preloading 0 native plugins for Editor in 0.00 ms.
Invoked RoslynAnalysisRunner static constructor.
RoslynAnalysisRunner will not be running.
RoslynAnalysisRunner has terminated.
Mono: successfully reloaded assembly
- Completed reload, in  3.335 seconds
Platform modules already initialized, skipping
Registering precompiled user dll's ...
Registered in 0.005035 seconds.
Begin MonoManager ReloadAssembly
Native extension for LinuxStandalone target not found
Native extension for WindowsStandalone target not found
Native extension for WebGL target not found
Refreshing native plugins compatible for Editor in 0.85 ms, found 1 plugins.
Preloading 0 native plugins for Editor in 0.00 ms.
Invoked RoslynAnalysisRunner static constructor.
RoslynAnalysisRunner will not be running.
RoslynAnalysisRunner has terminated.
Mono: successfully reloaded assembly
- Completed reload, in  1.275 seconds
Platform modules already initialized, skipping
========================================================================
Worker process is ready to serve import requests
Launched and connected shader compiler UnityShaderCompiler.exe after 0.14 seconds
Refreshing native plugins compatible for Editor in 0.49 ms, found 1 plugins.
Preloading 0 native plugins for Editor in 0.00 ms.
Unloading 1444 Unused Serialized files (Serialized files now loaded: 0)
System memory in use before: 65.8 MB.
System memory in use after: 65.9 MB.

Unloading 39 unused Assets to reduce memory usage. Loaded Objects now: 1868.
Total: 2.250800 ms (FindLiveObjects: 0.182800 ms CreateObjectMapping: 0.115100 ms MarkObjects: 1.872200 ms  DeleteObjects: 0.079700 ms)

========================================================================
Received Import Request.
  path: Assets/Scripts/Menu/GameSettingsManager.cs
  artifactKey: Guid(e444593cff9d6504498cb9255a47ddf3) Importer(815301076,1909f56bfc062723c751e8b465ee728b)
Start importing Assets/Scripts/Menu/GameSettingsManager.cs using Guid(e444593cff9d6504498cb9255a47ddf3) Importer(815301076,1909f56bfc062723c751e8b465ee728b)  -> (artifact id: '2134f59f361352bbc3fc766aad148b7c') in 0.214558 seconds
  Import took 0.237909 seconds .

========================================================================
Received Import Request.
  Time since last request: 0.000644 seconds.
  path: Assets/Scripts/Menu/GameSceneManager.cs
  artifactKey: Guid(eafd32aa0deab554e91693150357fb53) Importer(815301076,1909f56bfc062723c751e8b465ee728b)
Start importing Assets/Scripts/Menu/GameSceneManager.cs using Guid(eafd32aa0deab554e91693150357fb53) Importer(815301076,1909f56bfc062723c751e8b465ee728b)  -> (artifact id: '0d71df38f866b0a5029aee7f58968244') in 0.031279 seconds
  Import took 0.061450 seconds .

========================================================================
Received Import Request.
  Time since last request: 13.729609 seconds.
  path: Assets/Scripts/Menu/SituationsTable.cs
  artifactKey: Guid(b0fb1c51c3a4d274097d82ca9dba75e1) Importer(815301076,1909f56bfc062723c751e8b465ee728b)
Start importing Assets/Scripts/Menu/SituationsTable.cs using Guid(b0fb1c51c3a4d274097d82ca9dba75e1) Importer(815301076,1909f56bfc062723c751e8b465ee728b)  -> (artifact id: '51edf2b965759904b6e25b86fef6a324') in 0.013768 seconds
  Import took 0.029808 seconds .

========================================================================
Received Import Request.
  Time since last request: 0.006850 seconds.
  path: Assets/Scripts/Menu/SituationsTable.cs
  artifactKey: Guid(b0fb1c51c3a4d274097d82ca9dba75e1) Importer(815301076,1909f56bfc062723c751e8b465ee728b)
Start importing Assets/Scripts/Menu/SituationsTable.cs using Guid(b0fb1c51c3a4d274097d82ca9dba75e1) Importer(815301076,1909f56bfc062723c751e8b465ee728b)  -> (artifact id: '51edf2b965759904b6e25b86fef6a324') in 0.006999 seconds
  Import took 0.013266 seconds .

========================================================================
Received Import Request.
  Time since last request: 55.526261 seconds.
  path: Assets/Scripts/Menu/GameSceneManager.cs
  artifactKey: Guid(eafd32aa0deab554e91693150357fb53) Importer(815301076,1909f56bfc062723c751e8b465ee728b)
Start importing Assets/Scripts/Menu/GameSceneManager.cs using Guid(eafd32aa0deab554e91693150357fb53) Importer(815301076,1909f56bfc062723c751e8b465ee728b)  -> (artifact id: '46bd9f29a4fcdd51f5abd02fdf3d0009') in 0.040156 seconds
  Import took 0.060282 seconds .

========================================================================
Received Prepare
Registering precompiled user dll's ...
Registered in 0.008993 seconds.
Begin MonoManager ReloadAssembly
Native extension for LinuxStandalone target not found
Native extension for WindowsStandalone target not found
Native extension for WebGL target not found
Refreshing native plugins compatible for Editor in 0.54 ms, found 1 plugins.
Preloading 0 native plugins for Editor in 0.00 ms.
Invoked RoslynAnalysisRunner static constructor.
RoslynAnalysisRunner will not be running.
RoslynAnalysisRunner has terminated.
Mono: successfully reloaded assembly
- Completed reload, in  1.358 seconds
Platform modules already initialized, skipping
Refreshing native plugins compatible for Editor in 0.49 ms, found 1 plugins.
Preloading 0 native plugins for Editor in 0.00 ms.
Unloading 1438 Unused Serialized files (Serialized files now loaded: 0)
System memory in use before: 65.7 MB.
System memory in use after: 65.8 MB.

Unloading 30 unused Assets to reduce memory usage. Loaded Objects now: 1870.
Total: 2.238900 ms (FindLiveObjects: 0.197000 ms CreateObjectMapping: 0.063200 ms MarkObjects: 1.944800 ms  DeleteObjects: 0.032500 ms)

========================================================================
Received Import Request.
  Time since last request: 20.302764 seconds.
  path: Assets/Scenes/MainMenu.unity
  artifactKey: Guid(b335983f3f3650b44bd03f89ac701176) Importer(815301076,1909f56bfc062723c751e8b465ee728b)
Start importing Assets/Scenes/MainMenu.unity using Guid(b335983f3f3650b44bd03f89ac701176) Importer(815301076,1909f56bfc062723c751e8b465ee728b)  -> (artifact id: 'f2cf5e7935862323f84164ed3d5103fb') in 0.024577 seconds
  Import took 0.054588 seconds .

========================================================================
Received Import Request.
  Time since last request: 3.324487 seconds.
  path: Assets/Scenes/MainMenu 1.unity
  artifactKey: Guid(fdffaea547bc6574da796a930e6d1315) Importer(815301076,1909f56bfc062723c751e8b465ee728b)
Start importing Assets/Scenes/MainMenu 1.unity using Guid(fdffaea547bc6574da796a930e6d1315) Importer(815301076,1909f56bfc062723c751e8b465ee728b)  -> (artifact id: 'fcb4f9146f5ca4859aba1d8d7ed32fd2') in 0.035795 seconds
  Import took 0.040070 seconds .

========================================================================
Received Prepare
Registering precompiled user dll's ...
Registered in 0.004549 seconds.
Begin MonoManager ReloadAssembly
Native extension for LinuxStandalone target not found
Native extension for WindowsStandalone target not found
Native extension for WebGL target not found
Refreshing native plugins compatible for Editor in 0.62 ms, found 1 plugins.
Preloading 0 native plugins for Editor in 0.00 ms.
Invoked RoslynAnalysisRunner static constructor.
RoslynAnalysisRunner will not be running.
RoslynAnalysisRunner has terminated.
Mono: successfully reloaded assembly
- Completed reload, in  1.158 seconds
Platform modules already initialized, skipping
Refreshing native plugins compatible for Editor in 0.55 ms, found 1 plugins.
Preloading 0 native plugins for Editor in 0.00 ms.
Unloading 1438 Unused Serialized files (Serialized files now loaded: 0)
System memory in use before: 65.7 MB.
System memory in use after: 65.8 MB.

Unloading 30 unused Assets to reduce memory usage. Loaded Objects now: 1872.
Total: 2.555100 ms (FindLiveObjects: 0.176200 ms CreateObjectMapping: 0.064200 ms MarkObjects: 2.286100 ms  DeleteObjects: 0.026900 ms)

AssetImportWorkerClient::OnTransportError - code=2 error=End of file
